<?xml version="1.0" encoding="UTF-8"?>
<!-- Generated by org.testng.reporters.JUnitReportReporter -->
<testsuite skipped="1" hostname="DESK0092" name="com.navatar.scripts.Module16" tests="5" failures="3" timestamp="09 Dec 2019 14:32:38 GMT" time="1530.174" errors="0">
  <testcase name="M16tc026_VerifyUploadValidAndInvalidDelimeterInvestor_ImpactInvestor" time="416.723" classname="com.navatar.scripts.Module16">
    <failure type="java.lang.AssertionError" message="The following asserts failed:
	could not verify file splitter doc for inst 1	Screenshot Name: M16tc026_VerifyUploadValidAndInvalidDelimeterInvestor_ImpactInvestor2019_12_09_07_47_54.png	 expected [true] but found [false],
	could not verify file splitter doc for lp 3	Screenshot Name: M16tc026_VerifyUploadValidAndInvalidDelimeterInvestor_ImpactInvestor2019_12_09_07_51_32.png	 expected [true] but found [false]">
      <![CDATA[java.lang.AssertionError: The following asserts failed:
	could not verify file splitter doc for inst 1	Screenshot Name: M16tc026_VerifyUploadValidAndInvalidDelimeterInvestor_ImpactInvestor2019_12_09_07_47_54.png	 expected [true] but found [false],
	could not verify file splitter doc for lp 3	Screenshot Name: M16tc026_VerifyUploadValidAndInvalidDelimeterInvestor_ImpactInvestor2019_12_09_07_51_32.png	 expected [true] but found [false]
	at com.navatar.generic.SoftAssert.assertAll(SoftAssert.java:84)
	at com.navatar.scripts.Module16.M16tc026_VerifyUploadValidAndInvalidDelimeterInvestor_ImpactInvestor(Module16.java:6027)
	at sun.reflect.NativeMethodAccessorImpl.invoke0(Native Method)
	at sun.reflect.NativeMethodAccessorImpl.invoke(Unknown Source)
	at sun.reflect.DelegatingMethodAccessorImpl.invoke(Unknown Source)
	at java.lang.reflect.Method.invoke(Unknown Source)
	at org.testng.internal.MethodInvocationHelper.invokeMethod(MethodInvocationHelper.java:108)
	at org.testng.internal.Invoker.invokeMethod(Invoker.java:661)
	at org.testng.internal.Invoker.invokeTestMethod(Invoker.java:869)
	at org.testng.internal.Invoker.invokeTestMethods(Invoker.java:1193)
	at org.testng.internal.TestMethodWorker.invokeTestMethods(TestMethodWorker.java:126)
	at org.testng.internal.TestMethodWorker.run(TestMethodWorker.java:109)
	at org.testng.TestRunner.privateRun(TestRunner.java:744)
	at org.testng.TestRunner.run(TestRunner.java:602)
	at org.testng.SuiteRunner.runTest(SuiteRunner.java:380)
	at org.testng.SuiteRunner.runSequentially(SuiteRunner.java:375)
	at org.testng.SuiteRunner.privateRun(SuiteRunner.java:340)
	at org.testng.SuiteRunner.run(SuiteRunner.java:289)
	at org.testng.SuiteRunnerWorker.runSuite(SuiteRunnerWorker.java:52)
	at org.testng.SuiteRunnerWorker.run(SuiteRunnerWorker.java:86)
	at org.testng.TestNG.runSuitesSequentially(TestNG.java:1301)
	at org.testng.TestNG.runSuitesLocally(TestNG.java:1226)
	at org.testng.TestNG.runSuites(TestNG.java:1144)
	at org.testng.TestNG.run(TestNG.java:1115)
	at com.navatar.launcher.Executioner.testNgXmlSuite(Executioner.java:83)
	at com.navatar.launcher.Executioner.main(Executioner.java:89)
]]>
    </failure>
  </testcase> <!-- M16tc026_VerifyUploadValidAndInvalidDelimeterInvestor_ImpactInvestor -->
  <testcase name="M16tc027_ChangeFileSplitterOptionsAndVerifyInvestors_Impact" time="19.660" classname="com.navatar.scripts.Module16">
    <skipped/>
  </testcase> <!-- M16tc027_ChangeFileSplitterOptionsAndVerifyInvestors_Impact -->
  <testcase name="M16tc027_ChangeFileSplitterOptionsAndVerifyInvestors_Action" time="644.946" classname="com.navatar.scripts.Module16">
    <failure type="java.lang.AssertionError" message="The following asserts failed:
	could not verify file splitter doc for inst 1	Screenshot Name: M16tc027_ChangeFileSplitterOptionsAndVerifyInvestors_Action2019_12_09_07_58_43.png	 expected [true] but found [false],
	could not verify file splitter doc for inst 3	Screenshot Name: M16tc027_ChangeFileSplitterOptionsAndVerifyInvestors_Action2019_12_09_08_02_16.png	 expected [true] but found [false]">
      <![CDATA[java.lang.AssertionError: The following asserts failed:
	could not verify file splitter doc for inst 1	Screenshot Name: M16tc027_ChangeFileSplitterOptionsAndVerifyInvestors_Action2019_12_09_07_58_43.png	 expected [true] but found [false],
	could not verify file splitter doc for inst 3	Screenshot Name: M16tc027_ChangeFileSplitterOptionsAndVerifyInvestors_Action2019_12_09_08_02_16.png	 expected [true] but found [false]
	at com.navatar.generic.SoftAssert.assertAll(SoftAssert.java:84)
	at com.navatar.scripts.Module16.M16tc027_ChangeFileSplitterOptionsAndVerifyInvestors_Action(Module16.java:6288)
	at sun.reflect.NativeMethodAccessorImpl.invoke0(Native Method)
	at sun.reflect.NativeMethodAccessorImpl.invoke(Unknown Source)
	at sun.reflect.DelegatingMethodAccessorImpl.invoke(Unknown Source)
	at java.lang.reflect.Method.invoke(Unknown Source)
	at org.testng.internal.MethodInvocationHelper.invokeMethod(MethodInvocationHelper.java:108)
	at org.testng.internal.Invoker.invokeMethod(Invoker.java:661)
	at org.testng.internal.Invoker.invokeTestMethod(Invoker.java:869)
	at org.testng.internal.Invoker.invokeTestMethods(Invoker.java:1193)
	at org.testng.internal.TestMethodWorker.invokeTestMethods(TestMethodWorker.java:126)
	at org.testng.internal.TestMethodWorker.run(TestMethodWorker.java:109)
	at org.testng.TestRunner.privateRun(TestRunner.java:744)
	at org.testng.TestRunner.run(TestRunner.java:602)
	at org.testng.SuiteRunner.runTest(SuiteRunner.java:380)
	at org.testng.SuiteRunner.runSequentially(SuiteRunner.java:375)
	at org.testng.SuiteRunner.privateRun(SuiteRunner.java:340)
	at org.testng.SuiteRunner.run(SuiteRunner.java:289)
	at org.testng.SuiteRunnerWorker.runSuite(SuiteRunnerWorker.java:52)
	at org.testng.SuiteRunnerWorker.run(SuiteRunnerWorker.java:86)
	at org.testng.TestNG.runSuitesSequentially(TestNG.java:1301)
	at org.testng.TestNG.runSuitesLocally(TestNG.java:1226)
	at org.testng.TestNG.runSuites(TestNG.java:1144)
	at org.testng.TestNG.run(TestNG.java:1115)
	at com.navatar.launcher.Executioner.testNgXmlSuite(Executioner.java:83)
	at com.navatar.launcher.Executioner.main(Executioner.java:89)
]]>
    </failure>
  </testcase> <!-- M16tc027_ChangeFileSplitterOptionsAndVerifyInvestors_Action -->
  <testcase name="closeBrowser" time="10.202" classname="com.navatar.scripts.Module16">
    <failure type="java.lang.AssertionError" message="Priority and dependency of M16tc027_ChangeFileSplitterOptionsAndVerifyInvestors_Action testcase was high so cannot continue with the execution.">
      <![CDATA[java.lang.AssertionError: Priority and dependency of M16tc027_ChangeFileSplitterOptionsAndVerifyInvestors_Action testcase was high so cannot continue with the execution.
	at org.testng.Assert.fail(Assert.java:93)
	at com.navatar.generic.CommonLib.exit(CommonLib.java:1221)
	at com.navatar.generic.BaseLib.closeBrowser(BaseLib.java:159)
	at sun.reflect.NativeMethodAccessorImpl.invoke0(Native Method)
	at sun.reflect.NativeMethodAccessorImpl.invoke(Unknown Source)
	at sun.reflect.DelegatingMethodAccessorImpl.invoke(Unknown Source)
	at java.lang.reflect.Method.invoke(Unknown Source)
	at org.testng.internal.MethodInvocationHelper.invokeMethod(MethodInvocationHelper.java:108)
	at org.testng.internal.Invoker.invokeConfigurationMethod(Invoker.java:523)
	at org.testng.internal.Invoker.invokeConfigurations(Invoker.java:224)
	at org.testng.internal.Invoker.invokeMethod(Invoker.java:723)
	at org.testng.internal.Invoker.invokeTestMethod(Invoker.java:869)
	at org.testng.internal.Invoker.invokeTestMethods(Invoker.java:1193)
	at org.testng.internal.TestMethodWorker.invokeTestMethods(TestMethodWorker.java:126)
	at org.testng.internal.TestMethodWorker.run(TestMethodWorker.java:109)
	at org.testng.TestRunner.privateRun(TestRunner.java:744)
	at org.testng.TestRunner.run(TestRunner.java:602)
	at org.testng.SuiteRunner.runTest(SuiteRunner.java:380)
	at org.testng.SuiteRunner.runSequentially(SuiteRunner.java:375)
	at org.testng.SuiteRunner.privateRun(SuiteRunner.java:340)
	at org.testng.SuiteRunner.run(SuiteRunner.java:289)
	at org.testng.SuiteRunnerWorker.runSuite(SuiteRunnerWorker.java:52)
	at org.testng.SuiteRunnerWorker.run(SuiteRunnerWorker.java:86)
	at org.testng.TestNG.runSuitesSequentially(TestNG.java:1301)
	at org.testng.TestNG.runSuitesLocally(TestNG.java:1226)
	at org.testng.TestNG.runSuites(TestNG.java:1144)
	at org.testng.TestNG.run(TestNG.java:1115)
	at com.navatar.launcher.Executioner.testNgXmlSuite(Executioner.java:83)
	at com.navatar.launcher.Executioner.main(Executioner.java:89)
]]>
    </failure>
  </testcase> <!-- closeBrowser -->
  <testcase name="M16tc026_VerifyUploadValidAndInvalidDelimeterInvestor_ImpactCRM" time="438.643" classname="com.navatar.scripts.Module16"/>
</testsuite> <!-- com.navatar.scripts.Module16 -->
